2025-06-24 09:27:20,389 - SportsRecommendation - INFO - Démarrage du pipeline d'entraînement complet
2025-06-24 09:27:21,025 - SportsRecommendation - INFO -  MLflow configuré avec succès
2025-06-24 09:27:21,026 - SportsRecommendation - INFO - Chargement des données...
2025-06-24 09:27:22,638 - SportsRecommendation - INFO - Connexion à la base de données établie
2025-06-24 09:27:22,639 - SportsRecommendation - INFO - === CHARGEMENT COMPLET DES DONNÉES ===
2025-06-24 09:27:22,639 - SportsRecommendation - INFO - Chargement des données utilisateurs...
2025-06-24 09:27:25,848 - SportsRecommendation - INFO - Utilisateurs chargés: 3413 enregistrements
2025-06-24 09:27:25,849 - SportsRecommendation - INFO - Chargement des événements (120 derniers jours)...
2025-06-24 09:27:30,824 - SportsRecommendation - INFO - Événements chargés: 50000 enregistrements
2025-06-24 09:27:32,345 - SportsRecommendation - INFO - Marchés chargés: 29626 enregistrements
2025-06-24 09:27:34,007 - SportsRecommendation - INFO - Outcomes chargés: 29626 enregistrements
2025-06-24 09:27:37,515 - SportsRecommendation - INFO - Paris chargés: 41406 lignes
2025-06-24 09:27:39,484 - SportsRecommendation - INFO - Historique cotes chargé: 29626 enregistrements
2025-06-24 09:27:39,485 - SportsRecommendation - INFO - === RÉSUMÉ DU CHARGEMENT ===
2025-06-24 09:27:39,485 - SportsRecommendation - INFO - users: 3413 enregistrements
2025-06-24 09:27:39,486 - SportsRecommendation - INFO - events: 50000 enregistrements
2025-06-24 09:27:39,486 - SportsRecommendation - INFO - markets: 29626 enregistrements
2025-06-24 09:27:39,486 - SportsRecommendation - INFO - outcomes: 29626 enregistrements
2025-06-24 09:27:39,486 - SportsRecommendation - INFO - bets: 41406 enregistrements
2025-06-24 09:27:39,487 - SportsRecommendation - INFO - odds_history: 29626 enregistrements
2025-06-24 09:27:39,488 - SportsRecommendation - INFO -  Données chargées avec succès
2025-06-24 09:27:39,488 - SportsRecommendation - INFO - Résumé des données:
2025-06-24 09:27:39,488 - SportsRecommendation - INFO -   - users: 3,413 enregistrements
2025-06-24 09:27:39,489 - SportsRecommendation - INFO -   - events: 50,000 enregistrements
2025-06-24 09:27:39,489 - SportsRecommendation - INFO -   - markets: 29,626 enregistrements
2025-06-24 09:27:39,489 - SportsRecommendation - INFO -   - outcomes: 29,626 enregistrements
2025-06-24 09:27:39,489 - SportsRecommendation - INFO -   - bets: 41,406 enregistrements
2025-06-24 09:27:39,489 - SportsRecommendation - INFO -   - odds_history: 29,626 enregistrements
2025-06-24 09:27:39,661 - SportsRecommendation - INFO - Connexion DB fermée
2025-06-24 09:27:39,662 - SportsRecommendation - INFO - Préprocessing des données...
2025-06-24 09:29:17,403 - SportsRecommendation - INFO -  Préprocessing terminé avec succès
2025-06-24 09:29:17,405 - SportsRecommendation - INFO - Résumé du préprocessing:
2025-06-24 09:29:17,405 - SportsRecommendation - INFO -   - Matrice user-item: (12, 46)
2025-06-24 09:29:17,405 - SportsRecommendation - INFO -   - Features événements: (50000, 305)
2025-06-24 09:29:17,406 - SportsRecommendation - INFO -   - Features comportementales: 0
2025-06-24 09:29:17,406 - SportsRecommendation - INFO -   - Encodeurs créés: 10
2025-06-24 09:29:17,406 - SportsRecommendation - INFO - Division des données...
2025-06-24 09:29:17,416 - SportsRecommendation - INFO -  Division des données terminée
2025-06-24 09:29:17,417 - SportsRecommendation - INFO -   - Train: 114 exemples
2025-06-24 09:29:17,417 - SportsRecommendation - INFO -   - Validation: 39 exemples
2025-06-24 09:29:17,417 - SportsRecommendation - INFO -   - Test: 39 exemples
2025-06-24 09:29:17,417 - SportsRecommendation - INFO - Début de l'entraînement des modèles...
2025-06-24 09:29:17,704 - SportsRecommendation - INFO - Entraînement de collaborative_filtering...
2025-06-24 09:29:18,988 - SportsRecommendation - ERROR - Erreur lors de l'entraînement de collaborative_filtering: '<' not supported between instances of 'str' and 'float'
2025-06-24 09:29:18,988 - SportsRecommendation - INFO - Entraînement de content_based...
2025-06-24 09:29:19,994 - SportsRecommendation - ERROR - Erreur lors de l'entraînement de content_based: 'csr_matrix' object has no attribute 'select_dtypes'
2025-06-24 09:29:19,995 - SportsRecommendation - INFO - Entraînement de contextual_catboost...
2025-06-24 09:29:20,874 - SportsRecommendation - ERROR - Erreur lors de l'entraînement de contextual_catboost: 'DataFrame' object has no attribute 'dtype'
2025-06-24 09:29:20,875 - SportsRecommendation - INFO - Entraînement de contextual_bandit...
2025-06-24 09:29:21,240 - SportsRecommendation - INFO - Contextual Bandit initialisé avec 114 actions
2025-06-24 09:29:21,242 - SportsRecommendation - WARNING - Erreur lors de l'évaluation de contextual_bandit: could not convert string to float: 'none'
2025-06-24 09:29:21,870 - SportsRecommendation - INFO - ContextualBandit sauvegardé dans ./outputs/models/contextual_bandit/contextual_bandit_model.joblib
2025-06-24 09:29:22,937 - SportsRecommendation - ERROR - Erreur lors de l'entraînement de contextual_bandit: No module named 'boto3'
2025-06-24 09:29:22,937 - SportsRecommendation - INFO - Entraînement de reinforcement_learning...
2025-06-24 09:29:23,238 - SportsRecommendation - INFO - RL Recommender entraîné en 0.01s
2025-06-24 09:29:23,239 - SportsRecommendation - WARNING - Erreur lors de l'évaluation de reinforcement_learning: could not convert string to float: 'none'
2025-06-24 09:29:23,857 - SportsRecommendation - INFO - ReinforcementLearning sauvegardé dans ./outputs/models/reinforcement_learning/reinforcement_learning_model.joblib
2025-06-24 09:29:24,829 - SportsRecommendation - ERROR - Erreur lors de l'entraînement de reinforcement_learning: No module named 'boto3'
2025-06-24 09:29:24,829 - SportsRecommendation - INFO - Entraînement de hybrid...
2025-06-24 09:29:25,168 - SportsRecommendation - WARNING - Aucun sous-modèle disponible pour l'hybride
2025-06-24 09:29:25,859 - SportsRecommendation - INFO -  Entraînement terminé. 0 modèles entraînés sur 6
2025-06-24 09:29:25,859 - SportsRecommendation - INFO - Évaluation finale des modèles...
2025-06-24 09:29:25,860 - SportsRecommendation - INFO -  Évaluation finale terminée
2025-06-24 09:29:25,860 - SportsRecommendation - INFO - Sauvegarde finale des modèles...
2025-06-24 09:29:25,862 - SportsRecommendation - INFO - Rapport final généré: ./outputs/artifacts/final_training_report.json
2025-06-24 09:29:25,863 - SportsRecommendation - INFO -  Sauvegarde terminée avec succès
2025-06-24 09:29:25,863 - SportsRecommendation - INFO - ============================================================
2025-06-24 09:29:25,864 - SportsRecommendation - INFO - PIPELINE D'ENTRAÎNEMENT TERMINÉ AVEC SUCCÈS!
2025-06-24 09:29:25,864 - SportsRecommendation - INFO - Temps total: 2.09 minutes
2025-06-24 09:29:25,864 - SportsRecommendation - INFO - Modèles entraînés: 0
2025-06-24 09:29:25,864 - SportsRecommendation - INFO - Meilleurs modèles identifiés: 0
2025-06-24 09:29:25,864 - SportsRecommendation - INFO - Artefacts sauvegardés dans: ./outputs/artifacts
2025-06-24 09:29:25,864 - SportsRecommendation - INFO - ============================================================
