2025-06-24 09:50:04,717 - SportsRecommendation - INFO - Démarrage du pipeline d'entraînement complet
2025-06-24 09:50:05,333 - SportsRecommendation - INFO -  MLflow configuré avec succès
2025-06-24 09:50:05,333 - SportsRecommendation - INFO - Chargement des données...
2025-06-24 09:50:06,930 - SportsRecommendation - INFO - Connexion à la base de données établie
2025-06-24 09:50:06,931 - SportsRecommendation - INFO - === CHARGEMENT COMPLET DES DONNÉES ===
2025-06-24 09:50:06,931 - SportsRecommendation - INFO - Chargement des données utilisateurs...
2025-06-24 09:50:10,571 - SportsRecommendation - INFO - Utilisateurs chargés: 3413 enregistrements
2025-06-24 09:50:10,572 - SportsRecommendation - INFO - Chargement des événements (120 derniers jours)...
2025-06-24 09:50:50,852 - SportsRecommendation - INFO - Événements chargés: 50000 enregistrements
2025-06-24 09:50:54,120 - SportsRecommendation - INFO - Marchés chargés: 29626 enregistrements
2025-06-24 09:50:55,785 - SportsRecommendation - INFO - Outcomes chargés: 29626 enregistrements
2025-06-24 09:50:59,903 - SportsRecommendation - INFO - Paris chargés: 41406 lignes
2025-06-24 09:51:02,225 - SportsRecommendation - INFO - Historique cotes chargé: 29626 enregistrements
2025-06-24 09:51:02,225 - SportsRecommendation - INFO - === RÉSUMÉ DU CHARGEMENT ===
2025-06-24 09:51:02,226 - SportsRecommendation - INFO - users: 3413 enregistrements
2025-06-24 09:51:02,237 - SportsRecommendation - INFO - events: 50000 enregistrements
2025-06-24 09:51:02,237 - SportsRecommendation - INFO - markets: 29626 enregistrements
2025-06-24 09:51:02,237 - SportsRecommendation - INFO - outcomes: 29626 enregistrements
2025-06-24 09:51:02,237 - SportsRecommendation - INFO - bets: 41406 enregistrements
2025-06-24 09:51:02,237 - SportsRecommendation - INFO - odds_history: 29626 enregistrements
2025-06-24 09:51:02,240 - SportsRecommendation - INFO -  Données chargées avec succès
2025-06-24 09:51:02,241 - SportsRecommendation - INFO - Résumé des données:
2025-06-24 09:51:02,246 - SportsRecommendation - INFO -   - users: 3,413 enregistrements
2025-06-24 09:51:02,247 - SportsRecommendation - INFO -   - events: 50,000 enregistrements
2025-06-24 09:51:02,247 - SportsRecommendation - INFO -   - markets: 29,626 enregistrements
2025-06-24 09:51:02,247 - SportsRecommendation - INFO -   - outcomes: 29,626 enregistrements
2025-06-24 09:51:02,247 - SportsRecommendation - INFO -   - bets: 41,406 enregistrements
2025-06-24 09:51:02,247 - SportsRecommendation - INFO -   - odds_history: 29,626 enregistrements
2025-06-24 09:51:02,419 - SportsRecommendation - INFO - Connexion DB fermée
2025-06-24 09:51:02,419 - SportsRecommendation - INFO - Préprocessing des données...
2025-06-24 09:53:22,525 - SportsRecommendation - INFO -  Préprocessing terminé avec succès
2025-06-24 09:53:22,527 - SportsRecommendation - INFO - Résumé du préprocessing:
2025-06-24 09:53:22,528 - SportsRecommendation - INFO -   - Matrice user-item: (12, 46)
2025-06-24 09:53:22,528 - SportsRecommendation - INFO -   - Features événements: (50000, 305)
2025-06-24 09:53:22,528 - SportsRecommendation - INFO -   - Features comportementales: 0
2025-06-24 09:53:22,529 - SportsRecommendation - INFO -   - Encodeurs créés: 10
2025-06-24 09:53:22,529 - SportsRecommendation - INFO - Division des données...
2025-06-24 09:53:22,539 - SportsRecommendation - INFO -  Division des données terminée
2025-06-24 09:53:22,540 - SportsRecommendation - INFO -   - Train: 114 exemples
2025-06-24 09:53:22,540 - SportsRecommendation - INFO -   - Validation: 39 exemples
2025-06-24 09:53:22,540 - SportsRecommendation - INFO -   - Test: 39 exemples
2025-06-24 09:53:22,540 - SportsRecommendation - INFO - Début de l'entraînement des modèles...
2025-06-24 09:53:22,860 - SportsRecommendation - INFO - Entraînement de collaborative_filtering...
2025-06-24 09:53:24,283 - SportsRecommendation - ERROR - Erreur lors de l'entraînement de collaborative_filtering: '<' not supported between instances of 'str' and 'float'
2025-06-24 09:53:24,284 - SportsRecommendation - INFO - Entraînement de content_based...
2025-06-24 09:53:25,675 - SportsRecommendation - ERROR - Erreur lors de l'entraînement de content_based: '<' not supported between instances of 'str' and 'int'
2025-06-24 09:53:25,684 - SportsRecommendation - INFO - Entraînement de contextual_catboost...
2025-06-24 09:53:26,596 - SportsRecommendation - ERROR - Erreur lors de l'entraînement de contextual_catboost: catboost/libs/data/features_layout.cpp:124: All feature names should be different, but 'hours_until_event' used more than once.
2025-06-24 09:53:26,596 - SportsRecommendation - INFO - Entraînement de contextual_bandit...
2025-06-24 09:53:26,906 - SportsRecommendation - INFO - Contextual Bandit initialisé avec 114 actions
2025-06-24 09:53:26,908 - SportsRecommendation - WARNING - Erreur lors de l'évaluation de contextual_bandit: could not convert string to float: 'none'
2025-06-24 09:53:27,489 - SportsRecommendation - INFO - ContextualBandit sauvegardé dans ./outputs/models/contextual_bandit/contextual_bandit_model.joblib
2025-06-24 09:53:28,439 - SportsRecommendation - ERROR - Erreur lors de l'entraînement de contextual_bandit: No module named 'boto3'
2025-06-24 09:53:28,440 - SportsRecommendation - INFO - Entraînement de reinforcement_learning...
2025-06-24 09:53:28,756 - SportsRecommendation - INFO - RL Recommender entraîné en 0.02s
2025-06-24 09:53:28,756 - SportsRecommendation - WARNING - Erreur lors de l'évaluation de reinforcement_learning: could not convert string to float: 'none'
2025-06-24 09:53:29,291 - SportsRecommendation - INFO - ReinforcementLearning sauvegardé dans ./outputs/models/reinforcement_learning/reinforcement_learning_model.joblib
2025-06-24 09:53:30,179 - SportsRecommendation - ERROR - Erreur lors de l'entraînement de reinforcement_learning: No module named 'boto3'
2025-06-24 09:53:30,179 - SportsRecommendation - INFO - Entraînement de hybrid...
2025-06-24 09:53:30,451 - SportsRecommendation - WARNING - Aucun sous-modèle disponible pour l'hybride
2025-06-24 09:53:31,010 - SportsRecommendation - INFO -  Entraînement terminé. 0 modèles entraînés sur 6
2025-06-24 09:53:31,010 - SportsRecommendation - INFO - Évaluation finale des modèles...
2025-06-24 09:53:31,011 - SportsRecommendation - INFO -  Évaluation finale terminée
2025-06-24 09:53:31,011 - SportsRecommendation - INFO - Sauvegarde finale des modèles...
2025-06-24 09:53:31,013 - SportsRecommendation - INFO - Rapport final généré: ./outputs/artifacts/final_training_report.json
2025-06-24 09:53:31,013 - SportsRecommendation - INFO -  Sauvegarde terminée avec succès
2025-06-24 09:53:31,013 - SportsRecommendation - INFO - ============================================================
2025-06-24 09:53:31,014 - SportsRecommendation - INFO - PIPELINE D'ENTRAÎNEMENT TERMINÉ AVEC SUCCÈS!
2025-06-24 09:53:31,014 - SportsRecommendation - INFO - Temps total: 3.44 minutes
2025-06-24 09:53:31,014 - SportsRecommendation - INFO - Modèles entraînés: 0
2025-06-24 09:53:31,014 - SportsRecommendation - INFO - Meilleurs modèles identifiés: 0
2025-06-24 09:53:31,014 - SportsRecommendation - INFO - Artefacts sauvegardés dans: ./outputs/artifacts
2025-06-24 09:53:31,014 - SportsRecommendation - INFO - ============================================================
