2025-06-24 11:13:11,010 - SportsRecommendation - INFO - Démarrage du pipeline d'entraînement complet
2025-06-24 11:13:11,645 - SportsRecommendation - INFO -  MLflow configuré avec succès
2025-06-24 11:13:11,645 - SportsRecommendation - INFO - Chargement des données...
2025-06-24 11:13:13,126 - SportsRecommendation - INFO - Connexion à la base de données établie
2025-06-24 11:13:13,126 - SportsRecommendation - INFO - === CHARGEMENT COMPLET DES DONNÉES ===
2025-06-24 11:13:13,126 - SportsRecommendation - INFO - === DIAGNOSTIC DES DONNÉES DE PARIS ===
2025-06-24 11:13:19,185 - SportsRecommendation - INFO - === RÉSULTATS DU DIAGNOSTIC ===
2025-06-24 11:13:19,191 - SportsRecommendation - INFO - bets: {'total_rows': 154971, 'valid_bet_amounts': 154971, 'valid_user_ids': 154971, 'valid_event_ids': 154971, 'valid_outcome_ids': 0, 'oldest_bet': Timestamp('2023-02-06 17:17:17'), 'newest_bet': Timestamp('2025-04-11 17:55:19'), 'unique_users': 2283, 'unique_events': 1994}
2025-06-24 11:13:19,192 - SportsRecommendation - INFO - recent_activity: [{'bet_date': datetime.date(2025, 4, 11), 'daily_bets': 1}, {'bet_date': datetime.date(2025, 3, 24), 'daily_bets': 1}, {'bet_date': datetime.date(2025, 3, 21), 'daily_bets': 13}, {'bet_date': datetime.date(2025, 3, 20), 'daily_bets': 4}, {'bet_date': datetime.date(2025, 3, 18), 'daily_bets': 1}, {'bet_date': datetime.date(2025, 3, 13), 'daily_bets': 3}, {'bet_date': datetime.date(2025, 3, 11), 'daily_bets': 1}, {'bet_date': datetime.date(2025, 3, 10), 'daily_bets': 3}, {'bet_date': datetime.date(2025, 3, 5), 'daily_bets': 2}, {'bet_date': datetime.date(2025, 3, 4), 'daily_bets': 9}]
2025-06-24 11:13:19,192 - SportsRecommendation - INFO - users: 3413
2025-06-24 11:13:19,192 - SportsRecommendation - INFO - events: 1368324
2025-06-24 11:13:19,192 - SportsRecommendation - INFO - markets: 29626
2025-06-24 11:13:19,192 - SportsRecommendation - INFO - joins: {'total_bets': 154971}
2025-06-24 11:13:19,192 - SportsRecommendation - INFO - Chargement des données utilisateurs...
2025-06-24 11:13:22,071 - SportsRecommendation - INFO - Utilisateurs chargés: 3413 enregistrements
2025-06-24 11:13:22,071 - SportsRecommendation - INFO - Chargement des événements (120 derniers jours)...
2025-06-24 11:14:36,754 - SportsRecommendation - INFO - Événements chargés: 50000 enregistrements
2025-06-24 11:14:39,305 - SportsRecommendation - INFO - Marchés chargés: 29626 enregistrements
2025-06-24 11:14:40,569 - SportsRecommendation - INFO - Outcomes chargés: 29626 enregistrements
2025-06-24 11:14:43,474 - SportsRecommendation - INFO - Paris chargés: 41406 lignes
2025-06-24 11:14:45,137 - SportsRecommendation - INFO - Historique cotes chargé: 29626 enregistrements
2025-06-24 11:14:45,137 - SportsRecommendation - INFO - === RÉSUMÉ DU CHARGEMENT ===
2025-06-24 11:14:45,137 - SportsRecommendation - INFO - users: 3413 enregistrements
2025-06-24 11:14:45,137 - SportsRecommendation - INFO - events: 50000 enregistrements
2025-06-24 11:14:45,137 - SportsRecommendation - INFO - markets: 29626 enregistrements
2025-06-24 11:14:45,137 - SportsRecommendation - INFO - outcomes: 29626 enregistrements
2025-06-24 11:14:45,138 - SportsRecommendation - INFO - bets: 41406 enregistrements
2025-06-24 11:14:45,138 - SportsRecommendation - INFO - odds_history: 29626 enregistrements
2025-06-24 11:14:45,148 - SportsRecommendation - INFO -  Données chargées avec succès
2025-06-24 11:14:45,148 - SportsRecommendation - INFO - Résumé des données:
2025-06-24 11:14:45,148 - SportsRecommendation - INFO -   - users: 3,413 enregistrements
2025-06-24 11:14:45,148 - SportsRecommendation - INFO -   - events: 50,000 enregistrements
2025-06-24 11:14:45,148 - SportsRecommendation - INFO -   - markets: 29,626 enregistrements
2025-06-24 11:14:45,148 - SportsRecommendation - INFO -   - outcomes: 29,626 enregistrements
2025-06-24 11:14:45,149 - SportsRecommendation - INFO -   - bets: 41,406 enregistrements
2025-06-24 11:14:45,149 - SportsRecommendation - INFO -   - odds_history: 29,626 enregistrements
2025-06-24 11:14:45,305 - SportsRecommendation - INFO - Connexion DB fermée
2025-06-24 11:14:45,306 - SportsRecommendation - INFO - Préprocessing des données...
2025-06-24 11:16:00,759 - SportsRecommendation - INFO -  Préprocessing terminé avec succès
2025-06-24 11:16:00,762 - SportsRecommendation - INFO - Résumé du préprocessing:
2025-06-24 11:16:00,763 - SportsRecommendation - INFO -   - Matrice user-item: (12, 46)
2025-06-24 11:16:00,763 - SportsRecommendation - INFO -   - Features événements: (50000, 305)
2025-06-24 11:16:00,763 - SportsRecommendation - INFO -   - Features comportementales: 0
2025-06-24 11:16:00,763 - SportsRecommendation - INFO -   - Encodeurs créés: 10
2025-06-24 11:16:00,764 - SportsRecommendation - INFO - Division des données...
2025-06-24 11:16:00,781 - SportsRecommendation - WARNING - Colonnes dupliquées détectées dans les features: ['hours_until_event', 'days_since_registration', 'bet_timing_hours_before']
2025-06-24 11:16:00,782 - SportsRecommendation - INFO - Colonne renommée: hours_until_event -> hours_until_event_1
2025-06-24 11:16:00,782 - SportsRecommendation - INFO - Colonne renommée: days_since_registration -> days_since_registration_1
2025-06-24 11:16:00,782 - SportsRecommendation - INFO - Colonne renommée: bet_timing_hours_before -> bet_timing_hours_before_1
2025-06-24 11:16:00,785 - SportsRecommendation - WARNING - Colonnes dupliquées détectées dans les features: ['hours_until_event', 'days_since_registration', 'bet_timing_hours_before']
2025-06-24 11:16:00,786 - SportsRecommendation - INFO - Colonne renommée: hours_until_event -> hours_until_event_1
2025-06-24 11:16:00,786 - SportsRecommendation - INFO - Colonne renommée: days_since_registration -> days_since_registration_1
2025-06-24 11:16:00,786 - SportsRecommendation - INFO - Colonne renommée: bet_timing_hours_before -> bet_timing_hours_before_1
2025-06-24 11:16:00,790 - SportsRecommendation - WARNING - Colonnes dupliquées détectées dans les features: ['hours_until_event', 'days_since_registration', 'bet_timing_hours_before']
2025-06-24 11:16:00,790 - SportsRecommendation - INFO - Colonne renommée: hours_until_event -> hours_until_event_1
2025-06-24 11:16:00,790 - SportsRecommendation - INFO - Colonne renommée: days_since_registration -> days_since_registration_1
2025-06-24 11:16:00,790 - SportsRecommendation - INFO - Colonne renommée: bet_timing_hours_before -> bet_timing_hours_before_1
2025-06-24 11:16:00,791 - SportsRecommendation - INFO -  Division des données terminée
2025-06-24 11:16:00,791 - SportsRecommendation - INFO -   - Train: 114 exemples
2025-06-24 11:16:00,792 - SportsRecommendation - INFO -   - Validation: 39 exemples
2025-06-24 11:16:00,792 - SportsRecommendation - INFO -   - Test: 39 exemples
2025-06-24 11:16:00,792 - SportsRecommendation - INFO - Début de l'entraînement des modèles...
2025-06-24 11:16:01,423 - SportsRecommendation - WARNING - La variable cible ne contient qu'une seule valeur unique: ['none']. CatBoost nécessite au moins deux valeurs uniques.
2025-06-24 11:16:01,424 - SportsRecommendation - ERROR - ÉCHEC DU PIPELINE: '<' not supported between instances of 'str' and 'int'
2025-06-24 11:16:01,437 - SportsRecommendation - ERROR - Traceback: Traceback (most recent call last):
  File "/Users/krohn/PycharmProjects/betting_recommender/models/train.py", line 784, in run_full_pipeline
    self.train_models()
  File "/Users/krohn/PycharmProjects/betting_recommender/models/train.py", line 406, in train_models
    self.logger.info(f"Données synthétiques créées avec {len(np.unique(synthetic_targets))} valeurs uniques")
                                                             ^^^^^^^^^^^^^^^^^^^^^^^^^^^^
  File "/Users/krohn/PycharmProjects/betting_recommender/.venv/lib/python3.11/site-packages/numpy/lib/arraysetops.py", line 274, in unique
    ret = _unique1d(ar, return_index, return_inverse, return_counts,
         ^^^^^^^^^^^^^^^^^^^^^^^^^^^^^^^^^^^^^^^^^^^^^^^^^^^^^^^^^^
  File "/Users/krohn/PycharmProjects/betting_recommender/.venv/lib/python3.11/site-packages/numpy/lib/arraysetops.py", line 336, in _unique1d
    ar.sort()
TypeError: '<' not supported between instances of 'str' and 'int'

