2025-06-23 16:37:10,919 - SportsRecommendation - INFO - Démarrage du pipeline d'entraînement complet
2025-06-23 16:37:17,965 - SportsRecommendation - INFO -  MLflow configuré avec succès
2025-06-23 16:37:17,966 - SportsRecommendation - INFO - Chargement des données...
2025-06-23 16:37:29,511 - SportsRecommendation - INFO - Connexion à la base de données établie
2025-06-23 16:37:29,512 - SportsRecommendation - INFO - === CHARGEMENT COMPLET DES DONNÉES ===
2025-06-23 16:37:29,512 - SportsRecommendation - INFO - Chargement des données utilisateurs...
2025-06-23 16:37:48,863 - SportsRecommendation - INFO - Utilisateurs chargés: 3413 enregistrements
2025-06-23 16:37:48,865 - SportsRecommendation - INFO - Chargement des événements (120 derniers jours)...
2025-06-23 16:41:25,283 - SportsRecommendation - INFO - Événements chargés: 50000 enregistrements
2025-06-23 16:41:53,617 - SportsRecommendation - INFO - Marchés chargés: 29626 enregistrements
2025-06-23 16:42:25,752 - SportsRecommendation - INFO - Outcomes chargés: 29626 enregistrements
2025-06-23 16:43:53,579 - SportsRecommendation - INFO - Paris chargés: 41406 lignes
2025-06-23 16:44:33,805 - SportsRecommendation - INFO - Historique cotes chargé: 29626 enregistrements
2025-06-23 16:44:33,807 - SportsRecommendation - INFO - === RÉSUMÉ DU CHARGEMENT ===
2025-06-23 16:44:33,808 - SportsRecommendation - INFO - users: 3413 enregistrements
2025-06-23 16:44:33,809 - SportsRecommendation - INFO - events: 50000 enregistrements
2025-06-23 16:44:33,811 - SportsRecommendation - INFO - markets: 29626 enregistrements
2025-06-23 16:44:33,811 - SportsRecommendation - INFO - outcomes: 29626 enregistrements
2025-06-23 16:44:33,812 - SportsRecommendation - INFO - bets: 41406 enregistrements
2025-06-23 16:44:33,812 - SportsRecommendation - INFO - odds_history: 29626 enregistrements
2025-06-23 16:44:33,826 - SportsRecommendation - INFO -  Données chargées avec succès
2025-06-23 16:44:33,826 - SportsRecommendation - INFO - Résumé des données:
2025-06-23 16:44:33,826 - SportsRecommendation - INFO -   - users: 3,413 enregistrements
2025-06-23 16:44:33,826 - SportsRecommendation - INFO -   - events: 50,000 enregistrements
2025-06-23 16:44:33,826 - SportsRecommendation - INFO -   - markets: 29,626 enregistrements
2025-06-23 16:44:33,826 - SportsRecommendation - INFO -   - outcomes: 29,626 enregistrements
2025-06-23 16:44:33,827 - SportsRecommendation - INFO -   - bets: 41,406 enregistrements
2025-06-23 16:44:33,827 - SportsRecommendation - INFO -   - odds_history: 29,626 enregistrements
2025-06-23 16:44:33,834 - SportsRecommendation - INFO - Préprocessing des données...
2025-06-23 16:46:41,559 - SportsRecommendation - INFO -  Préprocessing terminé avec succès
2025-06-23 16:46:41,563 - SportsRecommendation - INFO - Résumé du préprocessing:
2025-06-23 16:46:41,564 - SportsRecommendation - INFO -   - Matrice user-item: (12, 46)
2025-06-23 16:46:41,564 - SportsRecommendation - INFO -   - Features événements: (50000, 305)
2025-06-23 16:46:41,565 - SportsRecommendation - INFO -   - Features comportementales: 0
2025-06-23 16:46:41,565 - SportsRecommendation - INFO -   - Encodeurs créés: 10
2025-06-23 16:46:41,566 - SportsRecommendation - INFO - Division des données...
2025-06-23 16:46:41,627 - SportsRecommendation - INFO -  Division des données terminée
2025-06-23 16:46:41,627 - SportsRecommendation - INFO -   - Train: 114 exemples
2025-06-23 16:46:41,628 - SportsRecommendation - INFO -   - Validation: 39 exemples
2025-06-23 16:46:41,628 - SportsRecommendation - INFO -   - Test: 39 exemples
2025-06-23 16:46:41,628 - SportsRecommendation - INFO - Début de l'entraînement des modèles...
2025-06-23 16:46:52,112 - SportsRecommendation - INFO - Entraînement de collaborative_filtering...
2025-06-23 16:47:08,387 - SportsRecommendation - ERROR - Erreur lors de l'entraînement de collaborative_filtering: '<' not supported between instances of 'str' and 'float'
2025-06-23 16:47:08,388 - SportsRecommendation - INFO - Entraînement de content_based...
2025-06-23 16:47:19,346 - SportsRecommendation - ERROR - Erreur lors de l'entraînement de content_based: 'csr_matrix' object has no attribute 'select_dtypes'
2025-06-23 16:47:19,346 - SportsRecommendation - INFO - Entraînement de contextual_catboost...
2025-06-23 16:47:21,958 - SportsRecommendation - ERROR - Erreur lors de l'entraînement de contextual_catboost: 'DataFrame' object has no attribute 'dtype'
2025-06-23 16:47:21,958 - SportsRecommendation - INFO - Entraînement de contextual_bandit...
2025-06-23 16:47:22,369 - SportsRecommendation - INFO - Contextual Bandit initialisé avec 114 actions
2025-06-23 16:47:22,378 - SportsRecommendation - WARNING - Erreur lors de l'évaluation de contextual_bandit: could not convert string to float: 'none'
2025-06-23 16:47:23,776 - SportsRecommendation - ERROR - Erreur lors de l'entraînement de contextual_bandit: [Errno 2] No such file or directory: './outputs/models/contextual_bandit/contextual_bandit_model.joblib'
2025-06-23 16:47:23,776 - SportsRecommendation - INFO - Entraînement de reinforcement_learning...
2025-06-23 16:47:24,223 - SportsRecommendation - INFO - RL Recommender entraîné en 0.13s
2025-06-23 16:47:24,227 - SportsRecommendation - WARNING - Erreur lors de l'évaluation de reinforcement_learning: could not convert string to float: 'none'
2025-06-23 16:47:25,010 - SportsRecommendation - INFO - ReinforcementLearning sauvegardé dans ./outputs/models/reinforcement_learning/reinforcement_learning_model.joblib
2025-06-23 16:47:25,931 - SportsRecommendation - ERROR - Erreur lors de l'entraînement de reinforcement_learning: No module named 'boto3'
2025-06-23 16:47:25,931 - SportsRecommendation - INFO - Entraînement de hybrid...
2025-06-23 16:47:26,269 - SportsRecommendation - WARNING - Aucun sous-modèle disponible pour l'hybride
2025-06-23 16:47:26,970 - SportsRecommendation - INFO -  Entraînement terminé. 0 modèles entraînés sur 6
2025-06-23 16:47:26,972 - SportsRecommendation - INFO - Évaluation finale des modèles...
2025-06-23 16:47:26,972 - SportsRecommendation - INFO -  Évaluation finale terminée
2025-06-23 16:47:26,972 - SportsRecommendation - INFO - Sauvegarde finale des modèles...
2025-06-23 16:47:26,977 - SportsRecommendation - INFO - Rapport final généré: ./outputs/artifacts/final_training_report.json
2025-06-23 16:47:26,977 - SportsRecommendation - INFO -  Sauvegarde terminée avec succès
2025-06-23 16:47:26,978 - SportsRecommendation - INFO - ============================================================
2025-06-23 16:47:26,978 - SportsRecommendation - INFO - PIPELINE D'ENTRAÎNEMENT TERMINÉ AVEC SUCCÈS!
2025-06-23 16:47:26,978 - SportsRecommendation - INFO - Temps total: 10.27 minutes
2025-06-23 16:47:26,978 - SportsRecommendation - INFO - Modèles entraînés: 0
2025-06-23 16:47:26,979 - SportsRecommendation - INFO - Meilleurs modèles identifiés: 0
2025-06-23 16:47:26,979 - SportsRecommendation - INFO - Artefacts sauvegardés dans: ./outputs/artifacts
2025-06-23 16:47:26,979 - SportsRecommendation - INFO - ============================================================
