2025-06-24 10:35:25,646 - SportsRecommendation - INFO - Démarrage du pipeline d'entraînement complet
2025-06-24 10:35:26,450 - SportsRecommendation - INFO -  MLflow configuré avec succès
2025-06-24 10:35:26,450 - SportsRecommendation - INFO - Chargement des données...
2025-06-24 10:35:28,384 - SportsRecommendation - INFO - Connexion à la base de données établie
2025-06-24 10:35:28,384 - SportsRecommendation - INFO - === CHARGEMENT COMPLET DES DONNÉES ===
2025-06-24 10:35:28,385 - SportsRecommendation - INFO - === DIAGNOSTIC DES DONNÉES DE PARIS ===
2025-06-24 10:35:37,425 - SportsRecommendation - INFO - === RÉSULTATS DU DIAGNOSTIC ===
2025-06-24 10:35:37,431 - SportsRecommendation - INFO - bets: {'total_rows': 154971, 'valid_bet_amounts': 154971, 'valid_user_ids': 154971, 'valid_event_ids': 154971, 'valid_outcome_ids': 0, 'oldest_bet': Timestamp('2023-02-06 17:17:17'), 'newest_bet': Timestamp('2025-04-11 17:55:19'), 'unique_users': 2283, 'unique_events': 1994}
2025-06-24 10:35:37,431 - SportsRecommendation - INFO - recent_activity: [{'bet_date': datetime.date(2025, 4, 11), 'daily_bets': 1}, {'bet_date': datetime.date(2025, 3, 24), 'daily_bets': 1}, {'bet_date': datetime.date(2025, 3, 21), 'daily_bets': 13}, {'bet_date': datetime.date(2025, 3, 20), 'daily_bets': 4}, {'bet_date': datetime.date(2025, 3, 18), 'daily_bets': 1}, {'bet_date': datetime.date(2025, 3, 13), 'daily_bets': 3}, {'bet_date': datetime.date(2025, 3, 11), 'daily_bets': 1}, {'bet_date': datetime.date(2025, 3, 10), 'daily_bets': 3}, {'bet_date': datetime.date(2025, 3, 5), 'daily_bets': 2}, {'bet_date': datetime.date(2025, 3, 4), 'daily_bets': 9}]
2025-06-24 10:35:37,431 - SportsRecommendation - INFO - users: 3413
2025-06-24 10:35:37,432 - SportsRecommendation - INFO - events: 1368324
2025-06-24 10:35:37,432 - SportsRecommendation - INFO - markets: 29626
2025-06-24 10:35:37,432 - SportsRecommendation - INFO - joins: {'total_bets': 154971}
2025-06-24 10:35:37,432 - SportsRecommendation - INFO - Chargement des données utilisateurs...
2025-06-24 10:35:41,320 - SportsRecommendation - INFO - Utilisateurs chargés: 3413 enregistrements
2025-06-24 10:35:41,320 - SportsRecommendation - INFO - Chargement des événements (120 derniers jours)...
2025-06-24 10:36:07,192 - SportsRecommendation - INFO - Événements chargés: 50000 enregistrements
2025-06-24 10:36:09,211 - SportsRecommendation - INFO - Marchés chargés: 29626 enregistrements
2025-06-24 10:36:10,871 - SportsRecommendation - INFO - Outcomes chargés: 29626 enregistrements
2025-06-24 10:36:27,286 - SportsRecommendation - INFO - Paris chargés: 41406 lignes
2025-06-24 10:36:29,806 - SportsRecommendation - INFO - Historique cotes chargé: 29626 enregistrements
2025-06-24 10:36:29,806 - SportsRecommendation - INFO - === RÉSUMÉ DU CHARGEMENT ===
2025-06-24 10:36:29,806 - SportsRecommendation - INFO - users: 3413 enregistrements
2025-06-24 10:36:29,806 - SportsRecommendation - INFO - events: 50000 enregistrements
2025-06-24 10:36:29,806 - SportsRecommendation - INFO - markets: 29626 enregistrements
2025-06-24 10:36:29,806 - SportsRecommendation - INFO - outcomes: 29626 enregistrements
2025-06-24 10:36:29,807 - SportsRecommendation - INFO - bets: 41406 enregistrements
2025-06-24 10:36:29,807 - SportsRecommendation - INFO - odds_history: 29626 enregistrements
2025-06-24 10:36:29,819 - SportsRecommendation - INFO -  Données chargées avec succès
2025-06-24 10:36:29,819 - SportsRecommendation - INFO - Résumé des données:
2025-06-24 10:36:29,819 - SportsRecommendation - INFO -   - users: 3,413 enregistrements
2025-06-24 10:36:29,820 - SportsRecommendation - INFO -   - events: 50,000 enregistrements
2025-06-24 10:36:29,820 - SportsRecommendation - INFO -   - markets: 29,626 enregistrements
2025-06-24 10:36:29,820 - SportsRecommendation - INFO -   - outcomes: 29,626 enregistrements
2025-06-24 10:36:29,820 - SportsRecommendation - INFO -   - bets: 41,406 enregistrements
2025-06-24 10:36:29,820 - SportsRecommendation - INFO -   - odds_history: 29,626 enregistrements
2025-06-24 10:36:29,981 - SportsRecommendation - INFO - Connexion DB fermée
2025-06-24 10:36:29,981 - SportsRecommendation - INFO - Préprocessing des données...
2025-06-24 10:37:57,559 - SportsRecommendation - INFO -  Préprocessing terminé avec succès
2025-06-24 10:37:57,560 - SportsRecommendation - INFO - Résumé du préprocessing:
2025-06-24 10:37:57,560 - SportsRecommendation - INFO -   - Matrice user-item: (12, 46)
2025-06-24 10:37:57,561 - SportsRecommendation - INFO -   - Features événements: (50000, 305)
2025-06-24 10:37:57,561 - SportsRecommendation - INFO -   - Features comportementales: 0
2025-06-24 10:37:57,561 - SportsRecommendation - INFO -   - Encodeurs créés: 10
2025-06-24 10:37:57,561 - SportsRecommendation - INFO - Division des données...
2025-06-24 10:37:57,569 - SportsRecommendation - INFO -  Division des données terminée
2025-06-24 10:37:57,569 - SportsRecommendation - INFO -   - Train: 114 exemples
2025-06-24 10:37:57,569 - SportsRecommendation - INFO -   - Validation: 39 exemples
2025-06-24 10:37:57,569 - SportsRecommendation - INFO -   - Test: 39 exemples
2025-06-24 10:37:57,569 - SportsRecommendation - INFO - Début de l'entraînement des modèles...
2025-06-24 10:37:58,039 - SportsRecommendation - INFO - Entraînement de collaborative_filtering...
2025-06-24 10:37:59,242 - SportsRecommendation - ERROR - Erreur lors de l'entraînement de collaborative_filtering: '<' not supported between instances of 'str' and 'float'
2025-06-24 10:37:59,242 - SportsRecommendation - INFO - Entraînement de content_based...
2025-06-24 10:38:00,578 - SportsRecommendation - ERROR - Erreur lors de l'entraînement de content_based: tuple index out of range
2025-06-24 10:38:00,587 - SportsRecommendation - INFO - Entraînement de contextual_catboost...
2025-06-24 10:38:03,866 - SportsRecommendation - WARNING - Colonnes dupliquées détectées: ['hours_until_event', 'days_since_registration', 'bet_timing_hours_before']
2025-06-24 10:38:03,867 - SportsRecommendation - INFO - Colonne renommée: hours_until_event -> hours_until_event_1
2025-06-24 10:38:03,867 - SportsRecommendation - INFO - Colonne renommée: days_since_registration -> days_since_registration_1
2025-06-24 10:38:03,867 - SportsRecommendation - INFO - Colonne renommée: bet_timing_hours_before -> bet_timing_hours_before_1
2025-06-24 10:38:03,867 - SportsRecommendation - WARNING - Colonnes dupliquées détectées: ['hours_until_event', 'days_since_registration', 'bet_timing_hours_before']
2025-06-24 10:38:03,867 - SportsRecommendation - INFO - Colonne renommée: hours_until_event -> hours_until_event_1
2025-06-24 10:38:03,868 - SportsRecommendation - INFO - Colonne renommée: days_since_registration -> days_since_registration_1
2025-06-24 10:38:03,868 - SportsRecommendation - INFO - Colonne renommée: bet_timing_hours_before -> bet_timing_hours_before_1
2025-06-24 10:38:04,521 - SportsRecommendation - ERROR - Erreur lors de l'entraînement de contextual_catboost: catboost/private/libs/target/target_converter.cpp:404: Target contains only one unique value
2025-06-24 10:38:04,522 - SportsRecommendation - INFO - Entraînement de contextual_bandit...
2025-06-24 10:38:04,810 - SportsRecommendation - INFO - Contextual Bandit initialisé avec 114 actions
2025-06-24 10:38:04,815 - SportsRecommendation - WARNING - Erreur calcul métriques de recommandation pour contextual_bandit: '<' not supported between instances of 'str' and 'float'
2025-06-24 10:38:06,789 - SportsRecommendation - INFO - ContextualBandit sauvegardé dans ./outputs/models/contextual_bandit/contextual_bandit_model.joblib
2025-06-24 10:38:10,235 - SportsRecommendation - ERROR - Erreur lors de l'entraînement de contextual_bandit: Unable to locate credentials
2025-06-24 10:38:10,236 - SportsRecommendation - INFO - Entraînement de reinforcement_learning...
2025-06-24 10:38:10,571 - SportsRecommendation - INFO - RL Recommender entraîné en 0.02s
2025-06-24 10:38:10,573 - SportsRecommendation - WARNING - Erreur calcul métriques de recommandation pour reinforcement_learning: '<' not supported between instances of 'str' and 'float'
2025-06-24 10:38:11,543 - SportsRecommendation - INFO - ReinforcementLearning sauvegardé dans ./outputs/models/reinforcement_learning/reinforcement_learning_model.joblib
2025-06-24 10:38:13,624 - SportsRecommendation - ERROR - Erreur lors de l'entraînement de reinforcement_learning: Unable to locate credentials
2025-06-24 10:38:13,624 - SportsRecommendation - INFO - Entraînement de hybrid...
2025-06-24 10:38:13,931 - SportsRecommendation - WARNING - Aucun sous-modèle disponible pour l'hybride
2025-06-24 10:38:14,518 - SportsRecommendation - INFO -  Entraînement terminé. 0 modèles entraînés sur 6
2025-06-24 10:38:14,518 - SportsRecommendation - INFO - Évaluation finale des modèles...
2025-06-24 10:38:14,519 - SportsRecommendation - INFO -  Évaluation finale terminée
2025-06-24 10:38:14,519 - SportsRecommendation - INFO - Sauvegarde finale des modèles...
2025-06-24 10:38:14,521 - SportsRecommendation - INFO - Rapport final généré: ./outputs/artifacts/final_training_report.json
2025-06-24 10:38:14,521 - SportsRecommendation - INFO -  Sauvegarde terminée avec succès
2025-06-24 10:38:14,522 - SportsRecommendation - INFO - ============================================================
2025-06-24 10:38:14,522 - SportsRecommendation - INFO - PIPELINE D'ENTRAÎNEMENT TERMINÉ AVEC SUCCÈS!
2025-06-24 10:38:14,522 - SportsRecommendation - INFO - Temps total: 2.81 minutes
2025-06-24 10:38:14,522 - SportsRecommendation - INFO - Modèles entraînés: 0
2025-06-24 10:38:14,522 - SportsRecommendation - INFO - Meilleurs modèles identifiés: 0
2025-06-24 10:38:14,522 - SportsRecommendation - INFO - Artefacts sauvegardés dans: ./outputs/artifacts
2025-06-24 10:38:14,522 - SportsRecommendation - INFO - ============================================================
