2025-06-23 16:33:28,093 - SportsRecommendation - INFO - Démarrage du pipeline d'entraînement complet
2025-06-23 16:33:28,827 - SportsRecommendation - INFO -  MLflow configuré avec succès
2025-06-23 16:33:28,827 - SportsRecommendation - INFO - Chargement des données...
2025-06-23 16:33:30,379 - SportsRecommendation - INFO - Connexion à la base de données établie
2025-06-23 16:33:30,379 - SportsRecommendation - INFO - === CHARGEMENT COMPLET DES DONNÉES ===
2025-06-23 16:33:30,380 - SportsRecommendation - INFO - Chargement des données utilisateurs...
2025-06-23 16:33:34,811 - SportsRecommendation - INFO - Utilisateurs chargés: 3413 enregistrements
2025-06-23 16:33:34,811 - SportsRecommendation - INFO - Chargement des événements (120 derniers jours)...
2025-06-23 16:33:37,177 - SportsRecommendation - INFO - Événements chargés: 1000 enregistrements
2025-06-23 16:33:58,281 - SportsRecommendation - INFO - Marchés chargés: 29626 enregistrements
2025-06-23 16:34:07,799 - SportsRecommendation - INFO - Outcomes chargés: 29626 enregistrements
2025-06-23 16:35:13,177 - SportsRecommendation - INFO - Paris chargés: 41406 lignes
2025-06-23 16:35:31,442 - SportsRecommendation - INFO - Historique cotes chargé: 29626 enregistrements
2025-06-23 16:35:31,442 - SportsRecommendation - INFO - === RÉSUMÉ DU CHARGEMENT ===
2025-06-23 16:35:31,443 - SportsRecommendation - INFO - users: 3413 enregistrements
2025-06-23 16:35:31,443 - SportsRecommendation - INFO - events: 1000 enregistrements
2025-06-23 16:35:31,443 - SportsRecommendation - INFO - markets: 29626 enregistrements
2025-06-23 16:35:31,443 - SportsRecommendation - INFO - outcomes: 29626 enregistrements
2025-06-23 16:35:31,443 - SportsRecommendation - INFO - bets: 41406 enregistrements
2025-06-23 16:35:31,443 - SportsRecommendation - INFO - odds_history: 29626 enregistrements
2025-06-23 16:35:31,445 - SportsRecommendation - INFO -  Données chargées avec succès
2025-06-23 16:35:31,445 - SportsRecommendation - INFO - Résumé des données:
2025-06-23 16:35:31,445 - SportsRecommendation - INFO -   - users: 3,413 enregistrements
2025-06-23 16:35:31,445 - SportsRecommendation - INFO -   - events: 1,000 enregistrements
2025-06-23 16:35:31,445 - SportsRecommendation - INFO -   - markets: 29,626 enregistrements
2025-06-23 16:35:31,445 - SportsRecommendation - INFO -   - outcomes: 29,626 enregistrements
2025-06-23 16:35:31,445 - SportsRecommendation - INFO -   - bets: 41,406 enregistrements
2025-06-23 16:35:31,445 - SportsRecommendation - INFO -   - odds_history: 29,626 enregistrements
2025-06-23 16:35:31,613 - SportsRecommendation - INFO - Connexion DB fermée
2025-06-23 16:35:31,613 - SportsRecommendation - INFO - Préprocessing des données...
2025-06-23 16:36:17,782 - SportsRecommendation - ERROR - Erreur lors du préprocessing: Aucune donnée d'entraînement disponible après filtrage
2025-06-23 16:36:17,787 - SportsRecommendation - ERROR - ÉCHEC DU PIPELINE: Aucune donnée d'entraînement disponible après filtrage
2025-06-23 16:36:17,809 - SportsRecommendation - ERROR - Traceback: Traceback (most recent call last):
  File "/Users/krohn/PycharmProjects/betting_recommender/models/train.py", line 661, in run_full_pipeline
    self.preprocess_data()
  File "/Users/krohn/PycharmProjects/betting_recommender/models/train.py", line 192, in preprocess_data
    X, y, feature_names = self.data_processor.prepare_comprehensive_training_data(
                          ^^^^^^^^^^^^^^^^^^^^^^^^^^^^^^^^^^^^^^^^^^^^^^^^^^^^^^^^
  File "/Users/krohn/PycharmProjects/betting_recommender/data/advanced_processor.py", line 1243, in prepare_comprehensive_training_data
    raise ValueError("Aucune donnée d'entraînement disponible après filtrage")
ValueError: Aucune donnée d'entraînement disponible après filtrage

