2025-06-24 09:35:25,838 - SportsRecommendation - INFO - Démarrage du pipeline d'entraînement complet
2025-06-24 09:35:26,835 - SportsRecommendation - INFO -  MLflow configuré avec succès
2025-06-24 09:35:26,835 - SportsRecommendation - INFO - Chargement des données...
2025-06-24 09:35:28,769 - SportsRecommendation - INFO - Connexion à la base de données établie
2025-06-24 09:35:28,769 - SportsRecommendation - INFO - === CHARGEMENT COMPLET DES DONNÉES ===
2025-06-24 09:35:28,769 - SportsRecommendation - INFO - Chargement des données utilisateurs...
2025-06-24 09:35:31,528 - SportsRecommendation - INFO - Utilisateurs chargés: 3413 enregistrements
2025-06-24 09:35:31,528 - SportsRecommendation - INFO - Chargement des événements (120 derniers jours)...
2025-06-24 09:35:40,943 - SportsRecommendation - INFO - Événements chargés: 50000 enregistrements
2025-06-24 09:35:48,547 - SportsRecommendation - INFO - Marchés chargés: 29626 enregistrements
2025-06-24 09:35:51,630 - SportsRecommendation - INFO - Outcomes chargés: 29626 enregistrements
2025-06-24 09:35:56,921 - SportsRecommendation - INFO - Paris chargés: 41406 lignes
2025-06-24 09:35:58,751 - SportsRecommendation - INFO - Historique cotes chargé: 29626 enregistrements
2025-06-24 09:35:58,752 - SportsRecommendation - INFO - === RÉSUMÉ DU CHARGEMENT ===
2025-06-24 09:35:58,752 - SportsRecommendation - INFO - users: 3413 enregistrements
2025-06-24 09:35:58,752 - SportsRecommendation - INFO - events: 50000 enregistrements
2025-06-24 09:35:58,752 - SportsRecommendation - INFO - markets: 29626 enregistrements
2025-06-24 09:35:58,752 - SportsRecommendation - INFO - outcomes: 29626 enregistrements
2025-06-24 09:35:58,753 - SportsRecommendation - INFO - bets: 41406 enregistrements
2025-06-24 09:35:58,753 - SportsRecommendation - INFO - odds_history: 29626 enregistrements
2025-06-24 09:35:58,754 - SportsRecommendation - INFO -  Données chargées avec succès
2025-06-24 09:35:58,754 - SportsRecommendation - INFO - Résumé des données:
2025-06-24 09:35:58,755 - SportsRecommendation - INFO -   - users: 3,413 enregistrements
2025-06-24 09:35:58,755 - SportsRecommendation - INFO -   - events: 50,000 enregistrements
2025-06-24 09:35:58,755 - SportsRecommendation - INFO -   - markets: 29,626 enregistrements
2025-06-24 09:35:58,755 - SportsRecommendation - INFO -   - outcomes: 29,626 enregistrements
2025-06-24 09:35:58,755 - SportsRecommendation - INFO -   - bets: 41,406 enregistrements
2025-06-24 09:35:58,755 - SportsRecommendation - INFO -   - odds_history: 29,626 enregistrements
2025-06-24 09:35:58,939 - SportsRecommendation - INFO - Connexion DB fermée
2025-06-24 09:35:58,939 - SportsRecommendation - INFO - Préprocessing des données...
2025-06-24 09:37:27,882 - SportsRecommendation - INFO -  Préprocessing terminé avec succès
2025-06-24 09:37:27,882 - SportsRecommendation - INFO - Résumé du préprocessing:
2025-06-24 09:37:27,883 - SportsRecommendation - INFO -   - Matrice user-item: (12, 46)
2025-06-24 09:37:27,883 - SportsRecommendation - INFO -   - Features événements: (50000, 305)
2025-06-24 09:37:27,883 - SportsRecommendation - INFO -   - Features comportementales: 0
2025-06-24 09:37:27,883 - SportsRecommendation - INFO -   - Encodeurs créés: 10
2025-06-24 09:37:27,883 - SportsRecommendation - INFO - Division des données...
2025-06-24 09:37:27,896 - SportsRecommendation - INFO -  Division des données terminée
2025-06-24 09:37:27,897 - SportsRecommendation - INFO -   - Train: 114 exemples
2025-06-24 09:37:27,897 - SportsRecommendation - INFO -   - Validation: 39 exemples
2025-06-24 09:37:27,897 - SportsRecommendation - INFO -   - Test: 39 exemples
2025-06-24 09:37:27,897 - SportsRecommendation - INFO - Début de l'entraînement des modèles...
2025-06-24 09:37:28,208 - SportsRecommendation - INFO - Entraînement de collaborative_filtering...
2025-06-24 09:37:29,362 - SportsRecommendation - ERROR - Erreur lors de l'entraînement de collaborative_filtering: '<' not supported between instances of 'str' and 'float'
2025-06-24 09:37:29,362 - SportsRecommendation - INFO - Entraînement de content_based...
2025-06-24 09:37:30,728 - SportsRecommendation - ERROR - Erreur lors de l'entraînement de content_based: '<' not supported between instances of 'str' and 'int'
2025-06-24 09:37:30,736 - SportsRecommendation - INFO - Entraînement de contextual_catboost...
2025-06-24 09:37:31,777 - SportsRecommendation - ERROR - Erreur lors de l'entraînement de contextual_catboost: catboost/libs/data/features_layout.cpp:124: All feature names should be different, but 'hours_until_event' used more than once.
2025-06-24 09:37:31,777 - SportsRecommendation - INFO - Entraînement de contextual_bandit...
2025-06-24 09:37:32,104 - SportsRecommendation - INFO - Contextual Bandit initialisé avec 114 actions
2025-06-24 09:37:32,105 - SportsRecommendation - WARNING - Erreur lors de l'évaluation de contextual_bandit: could not convert string to float: 'none'
2025-06-24 09:37:32,730 - SportsRecommendation - INFO - ContextualBandit sauvegardé dans ./outputs/models/contextual_bandit/contextual_bandit_model.joblib
2025-06-24 09:37:33,601 - SportsRecommendation - ERROR - Erreur lors de l'entraînement de contextual_bandit: No module named 'boto3'
2025-06-24 09:37:33,601 - SportsRecommendation - INFO - Entraînement de reinforcement_learning...
2025-06-24 09:37:33,895 - SportsRecommendation - INFO - RL Recommender entraîné en 0.02s
2025-06-24 09:37:33,897 - SportsRecommendation - WARNING - Erreur lors de l'évaluation de reinforcement_learning: could not convert string to float: 'none'
2025-06-24 09:37:34,455 - SportsRecommendation - INFO - ReinforcementLearning sauvegardé dans ./outputs/models/reinforcement_learning/reinforcement_learning_model.joblib
2025-06-24 09:37:35,389 - SportsRecommendation - ERROR - Erreur lors de l'entraînement de reinforcement_learning: No module named 'boto3'
2025-06-24 09:37:35,389 - SportsRecommendation - INFO - Entraînement de hybrid...
2025-06-24 09:37:35,741 - SportsRecommendation - WARNING - Aucun sous-modèle disponible pour l'hybride
2025-06-24 09:37:37,367 - SportsRecommendation - INFO -  Entraînement terminé. 0 modèles entraînés sur 6
2025-06-24 09:37:37,368 - SportsRecommendation - INFO - Évaluation finale des modèles...
2025-06-24 09:37:37,369 - SportsRecommendation - INFO -  Évaluation finale terminée
2025-06-24 09:37:37,369 - SportsRecommendation - INFO - Sauvegarde finale des modèles...
2025-06-24 09:37:37,371 - SportsRecommendation - INFO - Rapport final généré: ./outputs/artifacts/final_training_report.json
2025-06-24 09:37:37,372 - SportsRecommendation - INFO -  Sauvegarde terminée avec succès
2025-06-24 09:37:37,372 - SportsRecommendation - INFO - ============================================================
2025-06-24 09:37:37,372 - SportsRecommendation - INFO - PIPELINE D'ENTRAÎNEMENT TERMINÉ AVEC SUCCÈS!
2025-06-24 09:37:37,372 - SportsRecommendation - INFO - Temps total: 2.19 minutes
2025-06-24 09:37:37,372 - SportsRecommendation - INFO - Modèles entraînés: 0
2025-06-24 09:37:37,372 - SportsRecommendation - INFO - Meilleurs modèles identifiés: 0
2025-06-24 09:37:37,373 - SportsRecommendation - INFO - Artefacts sauvegardés dans: ./outputs/artifacts
2025-06-24 09:37:37,373 - SportsRecommendation - INFO - ============================================================
